
Command: shopt -s histappend
Output:

Exit Code: 0
----
Command: git status
Output:
On branch main
Your branch is up to date with 'origin/main'.

Changes not staged for commit:
  (use "git add <file>..." to update what will be committed)
  (use "git restore <file>..." to discard changes in working directory)
	modified:   .DS_Store
	modified:   client/node_modules/.vite/deps/@reduxjs_toolkit_query_react.js
	modified:   client/node_modules/.vite/deps/_metadata.json
	modified:   client/node_modules/.vite/deps/recharts.js

Untracked files:
  (use "git add <file>..." to include in what will be committed)
	SyncUp-asbackupuse/
	chatApp/
	command_output.log

no changes added to commit (use "git add" and/or "git commit -a")
Exit Code: 0
----
Command: git add .
Output:

Exit Code: 0
----
